Using pre-set license

 COMMAND LINE ARGUMENTS:
/Applications/Unity/Hub/Editor/2020.3.13f1/Unity.app/Contents/MacOS/Unity
-adb2
-batchMode
-noUpm
-name
AssetImportWorker0
-projectPath
/Users/stardust0722/uiStudy
-logFile
Logs/AssetImportWorker0.log
-srvPort
49281
Successfully changed project path to: /Users/stardust0722/uiStudy
/Users/stardust0722/uiStudy
Using Asset Import Pipeline V2.
Refreshing native plugins compatible for Editor in 30.49 ms, found 2 plugins.
Preloading 0 native plugins for Editor in 0.00 ms.
Initialize engine version: 2020.3.13f1 (71691879b7f5)
[Subsystems] Discovering subsystems at path /Applications/Unity/Hub/Editor/2020.3.13f1/Unity.app/Contents/Resources/UnitySubsystems
[Subsystems] Discovering subsystems at path /Users/stardust0722/uiStudy/Assets
GfxDevice: creating device client; threaded=0
2022-01-08 08:39:05.644 Unity[2211:80556] (null) preferred device: Apple M1 (high power)
2022-01-08 08:39:05.644 Unity[2211:80556] Metal devices available: 1
2022-01-08 08:39:05.644 Unity[2211:80556] 0: Apple M1 (high power)
2022-01-08 08:39:05.644 Unity[2211:80556] Using device Apple M1 (high power)
Initializing Metal device caps: Apple M1
Initialize mono
Mono path[0] = '/Applications/Unity/Hub/Editor/2020.3.13f1/Unity.app/Contents/Managed'
Mono path[1] = '/Applications/Unity/Hub/Editor/2020.3.13f1/Unity.app/Contents/MonoBleedingEdge/lib/mono/unityjit'
Mono config path = '/Applications/Unity/Hub/Editor/2020.3.13f1/Unity.app/Contents/MonoBleedingEdge/etc'
Using monoOptions --debugger-agent=transport=dt_socket,embedding=1,server=y,suspend=n,address=127.0.0.1:56211
Begin MonoManager ReloadAssembly
Registering precompiled unity dll's ...
Register platform support module: /Applications/Unity/Hub/Editor/2020.3.13f1/PlaybackEngines/WebGLSupport/UnityEditor.WebGL.Extensions.dll
Register platform support module: /Applications/Unity/Hub/Editor/2020.3.13f1/Unity.app/Contents/PlaybackEngines/MacStandaloneSupport/UnityEditor.OSXStandalone.Extensions.dll
Register platform support module: /Applications/Unity/Hub/Editor/2020.3.13f1/PlaybackEngines/WindowsStandaloneSupport/UnityEditor.WindowsStandalone.Extensions.dll
Registered in 0.002592 seconds.
Native extension for WindowsStandalone target not found
Native extension for OSXStandalone target not found
Native extension for WebGL target not found
Refreshing native plugins compatible for Editor in 29.18 ms, found 2 plugins.
Preloading 0 native plugins for Editor in 0.00 ms.
Mono: successfully reloaded assembly
- Completed reload, in  2.231 seconds
Platform modules already initialized, skipping
Registering precompiled user dll's ...
Registered in 0.004839 seconds.
Begin MonoManager ReloadAssembly
Native extension for WindowsStandalone target not found
Native extension for OSXStandalone target not found
Native extension for WebGL target not found
Refreshing native plugins compatible for Editor in 0.31 ms, found 2 plugins.
Preloading 0 native plugins for Editor in 0.00 ms.
Mono: successfully reloaded assembly
- Completed reload, in  2.030 seconds
Platform modules already initialized, skipping
========================================================================
Worker process is ready to serve import requests
Launching external process: /Applications/Unity/Hub/Editor/2020.3.13f1/Unity.app/Contents/Tools/UnityShaderCompiler
Launched and connected shader compiler UnityShaderCompiler after 0.02 seconds
Refreshing native plugins compatible for Editor in 0.30 ms, found 2 plugins.
Preloading 0 native plugins for Editor in 0.00 ms.
Unloading 1593 Unused Serialized files (Serialized files now loaded: 0)
System memory in use before: 194.4 MB.
System memory in use after: 194.4 MB.

Unloading 19 unused Assets to reduce memory usage. Loaded Objects now: 2027.
Total: 1.374500 ms (FindLiveObjects: 0.096250 ms CreateObjectMapping: 0.029667 ms MarkObjects: 1.175125 ms  DeleteObjects: 0.072708 ms)

AssetImportParameters requested are different than current active one (requested -> active):
  custom:video-decoder-ogg-theora: a1e56fd34408186e4bbccfd4996cb3dc -> 
  custom:container-muxer-webm: aa71ff27fc2769a1b78a27578f13a17b -> 
  custom:container-demuxer-webm: 4f35f7cbe854078d1ac9338744f61a02 -> 
  custom:container-demuxer-ogg: 62fdf1f143b41e24485cea50d1cbac27 -> 
  custom:video-encoder-webm-vp8: eb34c28f22e8b96e1ab97ce403110664 -> 
  custom:framework-osx-AVFoundation: e770b220cccbd017edd2c1fefb359320 -> 
  custom:video-decoder-webm-vp8: 9c59270c3fd7afecdb556c50c9e8de78 -> 
  custom:audio-decoder-ogg-vorbis: bf7c407c2cedff20999df2af8eb42d56 -> 
  custom:audio-encoder-webm-vorbis: bf7c407c2cedff20999df2af8eb42d56 -> 
========================================================================
Received Import Request.
  path: Assets/Prefab/ListButton.prefab
  artifactKey: Guid(a0a3cfaac6c224be3b2a3537edcd97a6) Importer(815301076,1909f56bfc062723c751e8b465ee728b)
Start importing Assets/Prefab/ListButton.prefab using Guid(a0a3cfaac6c224be3b2a3537edcd97a6) Importer(815301076,1909f56bfc062723c751e8b465ee728b)  -> (artifact id: '0a65eb6605658cb5612234542ede84ec') in 0.594088 seconds 
  Import took 0.596509 seconds .

========================================================================
Received Import Request.
  Time since last request: 5255.508228 seconds.
  path: Assets/Prefab/ItemPanel.prefab
  artifactKey: Guid(f1864204f7d904ae2b0429be777540ac) Importer(815301076,1909f56bfc062723c751e8b465ee728b)
Start importing Assets/Prefab/ItemPanel.prefab using Guid(f1864204f7d904ae2b0429be777540ac) Importer(815301076,1909f56bfc062723c751e8b465ee728b)  -> (artifact id: '7df3f21005647f100c362b3115b7789f') in 0.037246 seconds 
  Import took 0.040641 seconds .

========================================================================
Received Import Request.
  Time since last request: 9690.323373 seconds.
  path: Assets/Prefab/StatDataDetail.prefab
  artifactKey: Guid(a4aac9de909244a0c93f01b8793d7c27) Importer(815301076,1909f56bfc062723c751e8b465ee728b)
Start importing Assets/Prefab/StatDataDetail.prefab using Guid(a4aac9de909244a0c93f01b8793d7c27) Importer(815301076,1909f56bfc062723c751e8b465ee728b)  -> (artifact id: '84210882966a02d6b8730fa3d402ee57') in 0.016390 seconds 
  Import took 0.018712 seconds .

